[Wed Mar 11 16:13:35 CST 2026] 开始下载音频文件...
✓ 完成: day00_guide.mp3 (.03MB)
✓ 完成: day01_read.mp3 (15.51MB)
✓ 完成: day01_listen.mp3 (14.24MB)
✗ 失败: day02_read.mp3 (文件太小)
✓ 完成: day02_listen.mp3 (15.15MB)
✗ 失败: day03_read.mp3 (文件太小)
✗ 失败: day03_listen.mp3 (文件太小)
✗ 失败: day04_read.mp3 (文件太小)
✗ 失败: day04_listen.mp3 (文件太小)
✓ 完成: day05_read.mp3 (20.48MB)
✗ 失败: day05_listen.mp3 (文件太小)
✗ 失败: day06_read.mp3 (文件太小)
✓ 完成: day06_listen.mp3 (15.33MB)
✗ 失败: day07_read.mp3 (文件太小)
✗ 失败: day07_listen.mp3 (文件太小)
✗ 失败: day08_read.mp3 (文件太小)
✗ 失败: day08_listen.mp3 (文件太小)
✗ 失败: day09_read.mp3 (文件太小)
✓ 完成: day09_listen.mp3 (15.46MB)
✗ 失败: day10_read.mp3 (文件太小)
✓ 完成: day10_listen.mp3 (14.73MB)
[Wed Mar 11 16:14:22 CST 2026] 下载完成
[Wed Mar 11 16:16:10 CST 2026] 开始下载剩余音频...
[Wed Mar 11 16:16:22 CST 2026] Day 2-10 补充完成
